/workspace/git/ncnn/build-android-aarch64 /workspace/git/ncnn
-- CMAKE_TOOLCHAIN_FILE = /workspace/soft/android-ndk/build/cmake/android.toolchain.cmake
-- CMAKE_INSTALL_PREFIX = /workspace/git/ncnn/build-android-aarch64/install
-- Check for working C compiler: /workspace/soft/android-ndk/toolchains/llvm/prebuilt/linux-x86_64/bin/clang
-- Check for working C compiler: /workspace/soft/android-ndk/toolchains/llvm/prebuilt/linux-x86_64/bin/clang -- works
-- Detecting C compiler ABI info
-- Detecting C compiler ABI info - done
-- Detecting C compile features
-- Detecting C compile features - done
-- Check for working CXX compiler: /workspace/soft/android-ndk/toolchains/llvm/prebuilt/linux-x86_64/bin/clang++
-- Check for working CXX compiler: /workspace/soft/android-ndk/toolchains/llvm/prebuilt/linux-x86_64/bin/clang++ -- works
-- Detecting CXX compiler ABI info
-- Detecting CXX compiler ABI info - done
-- Detecting CXX compile features
-- Detecting CXX compile features - done
-- Found OpenMP_C: -fopenmp=libomp (found version "3.1") 
-- Found OpenMP_CXX: -fopenmp=libomp (found version "3.1") 
-- Found OpenMP: TRUE (found version "3.1")  
CMake Error at examples/CMakeLists.txt:4 (find_package):
  By not providing "FindOpenCV.cmake" in CMAKE_MODULE_PATH this project has
  asked CMake to find a package configuration file provided by "OpenCV", but
  CMake did not find one.

  Could not find a package configuration file provided by "OpenCV" with any
  of the following names:

    OpenCVConfig.cmake
    opencv-config.cmake

  Add the installation prefix of "OpenCV" to CMAKE_PREFIX_PATH or set
  "OpenCV_DIR" to a directory containing one of the above files.  If "OpenCV"
  provides a separate development package or SDK, be sure it has been
  installed.


-- Configuring incomplete, errors occurred!
See also "/workspace/git/ncnn/build-android-aarch64/CMakeFiles/CMakeOutput.log".
make: *** No targets specified and no makefile found.  Stop.
make: *** No rule to make target 'install'.  Stop.
/workspace/git/ncnn
/workspace/git/ncnn/build-android-aarch64-vulkan /workspace/git/ncnn
-- CMAKE_TOOLCHAIN_FILE = /workspace/soft/android-ndk/build/cmake/android.toolchain.cmake
-- CMAKE_INSTALL_PREFIX = /workspace/git/ncnn/build-android-aarch64-vulkan/install
-- Check for working C compiler: /workspace/soft/android-ndk/toolchains/llvm/prebuilt/linux-x86_64/bin/clang
-- Check for working C compiler: /workspace/soft/android-ndk/toolchains/llvm/prebuilt/linux-x86_64/bin/clang -- works
-- Detecting C compiler ABI info
-- Detecting C compiler ABI info - done
-- Detecting C compile features
-- Detecting C compile features - done
-- Check for working CXX compiler: /workspace/soft/android-ndk/toolchains/llvm/prebuilt/linux-x86_64/bin/clang++
-- Check for working CXX compiler: /workspace/soft/android-ndk/toolchains/llvm/prebuilt/linux-x86_64/bin/clang++ -- works
-- Detecting CXX compiler ABI info
-- Detecting CXX compiler ABI info - done
-- Detecting CXX compile features
-- Detecting CXX compile features - done
-- Found OpenMP_C: -fopenmp=libomp (found version "3.1") 
-- Found OpenMP_CXX: -fopenmp=libomp (found version "3.1") 
-- Found OpenMP: TRUE (found version "3.1")  
-- Found Vulkan: /workspace/soft/android-ndk/toolchains/llvm/prebuilt/linux-x86_64/sysroot/usr/lib/aarch64-linux-android/24/libvulkan.so  
CMake Error at examples/CMakeLists.txt:4 (find_package):
  By not providing "FindOpenCV.cmake" in CMAKE_MODULE_PATH this project has
  asked CMake to find a package configuration file provided by "OpenCV", but
  CMake did not find one.

  Could not find a package configuration file provided by "OpenCV" with any
  of the following names:

    OpenCVConfig.cmake
    opencv-config.cmake

  Add the installation prefix of "OpenCV" to CMAKE_PREFIX_PATH or set
  "OpenCV_DIR" to a directory containing one of the above files.  If "OpenCV"
  provides a separate development package or SDK, be sure it has been
  installed.


-- Configuring incomplete, errors occurred!
See also "/workspace/git/ncnn/build-android-aarch64-vulkan/CMakeFiles/CMakeOutput.log".
make: *** No targets specified and no makefile found.  Stop.
make: *** No rule to make target 'install'.  Stop.
/workspace/git/ncnn
/workspace/git/ncnn/build-host-gcc-linux /workspace/git/ncnn
-- CMAKE_TOOLCHAIN_FILE = /workspace/git/ncnn/toolchains/host.gcc.toolchain.cmake
-- CMAKE_INSTALL_PREFIX = /workspace/git/ncnn/build-host-gcc-linux/install
-- The C compiler identification is GNU 7.3.0
-- The CXX compiler identification is GNU 7.3.0
-- Check for working C compiler: /usr/bin/gcc
-- Check for working C compiler: /usr/bin/gcc -- works
-- Detecting C compiler ABI info
-- Detecting C compiler ABI info - done
-- Detecting C compile features
-- Detecting C compile features - done
-- Check for working CXX compiler: /usr/bin/g++
-- Check for working CXX compiler: /usr/bin/g++ -- works
-- Detecting CXX compiler ABI info
-- Detecting CXX compiler ABI info - done
-- Detecting CXX compile features
-- Detecting CXX compile features - done
-- Found OpenMP_C: -fopenmp (found version "4.5") 
-- Found OpenMP_CXX: -fopenmp (found version "4.5") 
-- Found OpenMP: TRUE (found version "4.5")  
-- Looking for pthread.h
-- Looking for pthread.h - found
-- Looking for pthread_create
-- Looking for pthread_create - not found
-- Looking for pthread_create in pthreads
-- Looking for pthread_create in pthreads - not found
-- Looking for pthread_create in pthread
-- Looking for pthread_create in pthread - found
-- Found Threads: TRUE  
-- Found Protobuf: /usr/local/lib/libprotobuf.so;-lpthread (found version "3.2.0") 
-- Configuring done
-- Generating done
-- Build files have been written to: /workspace/git/ncnn/build-host-gcc-linux
Scanning dependencies of target generate-spirv
[  0%] Built target generate-spirv
Scanning dependencies of target ncnn
[  1%] Building CXX object src/CMakeFiles/ncnn.dir/allocator.cpp.o
[  2%] Building CXX object src/CMakeFiles/ncnn.dir/blob.cpp.o
[  3%] Building CXX object src/CMakeFiles/ncnn.dir/command.cpp.o
[  4%] Building CXX object src/CMakeFiles/ncnn.dir/cpu.cpp.o
[  5%] Building CXX object src/CMakeFiles/ncnn.dir/gpu.cpp.o
[  6%] Building CXX object src/CMakeFiles/ncnn.dir/layer.cpp.o
[  6%] Building CXX object src/CMakeFiles/ncnn.dir/mat.cpp.o
[  7%] Building CXX object src/CMakeFiles/ncnn.dir/mat_pixel.cpp.o
[  8%] Building CXX object src/CMakeFiles/ncnn.dir/mat_pixel_resize.cpp.o
[  9%] Building CXX object src/CMakeFiles/ncnn.dir/modelbin.cpp.o
[ 10%] Building CXX object src/CMakeFiles/ncnn.dir/net.cpp.o
[ 11%] Building CXX object src/CMakeFiles/ncnn.dir/opencv.cpp.o
[ 12%] Building CXX object src/CMakeFiles/ncnn.dir/paramdict.cpp.o
/workspace/git/ncnn/src/paramdict.cpp: In member function ‘int ncnn::ParamDict::load_param_bin(FILE*)’:
/workspace/git/ncnn/src/paramdict.cpp:308:10: warning: ignoring return value of ‘size_t fread(void*, size_t, size_t, FILE*)’, declared with attribute warn_unused_result [-Wunused-result]
     fread(&id, sizeof(int), 1, fp);
     ~~~~~^~~~~~~~~~~~~~~~~~~~~~~~~
/workspace/git/ncnn/src/paramdict.cpp:321:18: warning: ignoring return value of ‘size_t fread(void*, size_t, size_t, FILE*)’, declared with attribute warn_unused_result [-Wunused-result]
             fread(&len, sizeof(int), 1, fp);
             ~~~~~^~~~~~~~~~~~~~~~~~~~~~~~~~
/workspace/git/ncnn/src/paramdict.cpp:326:18: warning: ignoring return value of ‘size_t fread(void*, size_t, size_t, FILE*)’, declared with attribute warn_unused_result [-Wunused-result]
             fread(ptr, sizeof(float), len, fp);
             ~~~~~^~~~~~~~~~~~~~~~~~~~~~~~~~~~~
/workspace/git/ncnn/src/paramdict.cpp:330:18: warning: ignoring return value of ‘size_t fread(void*, size_t, size_t, FILE*)’, declared with attribute warn_unused_result [-Wunused-result]
             fread(&params[id].f, sizeof(float), 1, fp);
             ~~~~~^~~~~~~~~~~~~~~~~~~~~~~~~~~~~~~~~~~~~
/workspace/git/ncnn/src/paramdict.cpp:335:14: warning: ignoring return value of ‘size_t fread(void*, size_t, size_t, FILE*)’, declared with attribute warn_unused_result [-Wunused-result]
         fread(&id, sizeof(int), 1, fp);
         ~~~~~^~~~~~~~~~~~~~~~~~~~~~~~~
[ 13%] Building CXX object src/CMakeFiles/ncnn.dir/pipeline.cpp.o
[ 14%] Building CXX object src/CMakeFiles/ncnn.dir/benchmark.cpp.o
[ 15%] Building CXX object src/CMakeFiles/ncnn.dir/layer/absval.cpp.o
[ 15%] Building CXX object src/CMakeFiles/ncnn.dir/layer/batchnorm.cpp.o
[ 16%] Building CXX object src/CMakeFiles/ncnn.dir/layer/bias.cpp.o
[ 17%] Building CXX object src/CMakeFiles/ncnn.dir/layer/bnll.cpp.o
[ 18%] Building CXX object src/CMakeFiles/ncnn.dir/layer/concat.cpp.o
[ 19%] Building CXX object src/CMakeFiles/ncnn.dir/layer/convolution.cpp.o
[ 20%] Building CXX object src/CMakeFiles/ncnn.dir/layer/x86/convolution_x86.cpp.o
[ 21%] Building CXX object src/CMakeFiles/ncnn.dir/layer/crop.cpp.o
[ 22%] Building CXX object src/CMakeFiles/ncnn.dir/layer/deconvolution.cpp.o
[ 23%] Building CXX object src/CMakeFiles/ncnn.dir/layer/dropout.cpp.o
[ 24%] Building CXX object src/CMakeFiles/ncnn.dir/layer/eltwise.cpp.o
[ 24%] Building CXX object src/CMakeFiles/ncnn.dir/layer/elu.cpp.o
[ 25%] Building CXX object src/CMakeFiles/ncnn.dir/layer/embed.cpp.o
[ 26%] Building CXX object src/CMakeFiles/ncnn.dir/layer/exp.cpp.o
[ 27%] Building CXX object src/CMakeFiles/ncnn.dir/layer/flatten.cpp.o
[ 28%] Building CXX object src/CMakeFiles/ncnn.dir/layer/innerproduct.cpp.o
[ 29%] Building CXX object src/CMakeFiles/ncnn.dir/layer/input.cpp.o
[ 30%] Building CXX object src/CMakeFiles/ncnn.dir/layer/log.cpp.o
[ 31%] Building CXX object src/CMakeFiles/ncnn.dir/layer/lrn.cpp.o
[ 32%] Building CXX object src/CMakeFiles/ncnn.dir/layer/memorydata.cpp.o
[ 33%] Building CXX object src/CMakeFiles/ncnn.dir/layer/mvn.cpp.o
[ 33%] Building CXX object src/CMakeFiles/ncnn.dir/layer/pooling.cpp.o
[ 34%] Building CXX object src/CMakeFiles/ncnn.dir/layer/power.cpp.o
[ 35%] Building CXX object src/CMakeFiles/ncnn.dir/layer/prelu.cpp.o
[ 36%] Building CXX object src/CMakeFiles/ncnn.dir/layer/proposal.cpp.o
[ 37%] Building CXX object src/CMakeFiles/ncnn.dir/layer/reduction.cpp.o
[ 38%] Building CXX object src/CMakeFiles/ncnn.dir/layer/relu.cpp.o
[ 39%] Building CXX object src/CMakeFiles/ncnn.dir/layer/reshape.cpp.o
[ 40%] Building CXX object src/CMakeFiles/ncnn.dir/layer/roipooling.cpp.o
[ 41%] Building CXX object src/CMakeFiles/ncnn.dir/layer/scale.cpp.o
[ 42%] Building CXX object src/CMakeFiles/ncnn.dir/layer/sigmoid.cpp.o
[ 42%] Building CXX object src/CMakeFiles/ncnn.dir/layer/slice.cpp.o
[ 43%] Building CXX object src/CMakeFiles/ncnn.dir/layer/softmax.cpp.o
[ 44%] Building CXX object src/CMakeFiles/ncnn.dir/layer/split.cpp.o
[ 45%] Building CXX object src/CMakeFiles/ncnn.dir/layer/tanh.cpp.o
[ 46%] Building CXX object src/CMakeFiles/ncnn.dir/layer/threshold.cpp.o
[ 47%] Building CXX object src/CMakeFiles/ncnn.dir/layer/binaryop.cpp.o
[ 48%] Building CXX object src/CMakeFiles/ncnn.dir/layer/unaryop.cpp.o
[ 49%] Building CXX object src/CMakeFiles/ncnn.dir/layer/convolutiondepthwise.cpp.o
[ 50%] Building CXX object src/CMakeFiles/ncnn.dir/layer/x86/convolutiondepthwise_x86.cpp.o
[ 51%] Building CXX object src/CMakeFiles/ncnn.dir/layer/padding.cpp.o
[ 51%] Building CXX object src/CMakeFiles/ncnn.dir/layer/squeeze.cpp.o
[ 52%] Building CXX object src/CMakeFiles/ncnn.dir/layer/expanddims.cpp.o
[ 53%] Building CXX object src/CMakeFiles/ncnn.dir/layer/normalize.cpp.o
[ 54%] Building CXX object src/CMakeFiles/ncnn.dir/layer/permute.cpp.o
[ 55%] Building CXX object src/CMakeFiles/ncnn.dir/layer/priorbox.cpp.o
[ 56%] Building CXX object src/CMakeFiles/ncnn.dir/layer/detectionoutput.cpp.o
[ 57%] Building CXX object src/CMakeFiles/ncnn.dir/layer/interp.cpp.o
[ 58%] Building CXX object src/CMakeFiles/ncnn.dir/layer/deconvolutiondepthwise.cpp.o
[ 59%] Building CXX object src/CMakeFiles/ncnn.dir/layer/shufflechannel.cpp.o
[ 60%] Building CXX object src/CMakeFiles/ncnn.dir/layer/instancenorm.cpp.o
[ 60%] Building CXX object src/CMakeFiles/ncnn.dir/layer/clip.cpp.o
[ 61%] Building CXX object src/CMakeFiles/ncnn.dir/layer/reorg.cpp.o
[ 62%] Building CXX object src/CMakeFiles/ncnn.dir/layer/yolodetectionoutput.cpp.o
[ 63%] Building CXX object src/CMakeFiles/ncnn.dir/layer/quantize.cpp.o
[ 64%] Building CXX object src/CMakeFiles/ncnn.dir/layer/dequantize.cpp.o
[ 65%] Building CXX object src/CMakeFiles/ncnn.dir/layer/yolov3detectionoutput.cpp.o
[ 66%] Building CXX object src/CMakeFiles/ncnn.dir/layer/psroipooling.cpp.o
[ 67%] Building CXX object src/CMakeFiles/ncnn.dir/layer/packing.cpp.o
[ 68%] Building CXX object src/CMakeFiles/ncnn.dir/layer/requantize.cpp.o
[ 69%] Building CXX object src/CMakeFiles/ncnn.dir/layer/cast.cpp.o
[ 69%] Linking CXX static library libncnn.a
[ 69%] Built target ncnn
Scanning dependencies of target peleenetssd_seg
[ 70%] Building CXX object examples/CMakeFiles/peleenetssd_seg.dir/peleenetssd_seg.cpp.o
/workspace/git/ncnn/examples/peleenetssd_seg.cpp: In function ‘void draw_objects(const cv::Mat&, const std::vector<Object>&, ncnn::Mat)’:
/workspace/git/ncnn/examples/peleenetssd_seg.cpp:150:31: warning: comparison between signed and unsigned integer expressions [-Wsign-compare]
                 if(color_index<color.size()) {
                    ~~~~~~~~~~~^~~~~~~~~~~~~
[ 71%] Linking CXX executable peleenetssd_seg
[ 71%] Built target peleenetssd_seg
Scanning dependencies of target squeezenetssd
[ 72%] Building CXX object examples/CMakeFiles/squeezenetssd.dir/squeezenetssd.cpp.o
[ 73%] Linking CXX executable squeezenetssd
[ 73%] Built target squeezenetssd
Scanning dependencies of target mobilenetssd
[ 74%] Building CXX object examples/CMakeFiles/mobilenetssd.dir/mobilenetssd.cpp.o
[ 75%] Linking CXX executable mobilenetssd
[ 75%] Built target mobilenetssd
Scanning dependencies of target fasterrcnn
[ 76%] Building CXX object examples/CMakeFiles/fasterrcnn.dir/fasterrcnn.cpp.o
[ 77%] Linking CXX executable fasterrcnn
[ 77%] Built target fasterrcnn
Scanning dependencies of target squeezenet
[ 78%] Building CXX object examples/CMakeFiles/squeezenet.dir/squeezenet.cpp.o
[ 79%] Linking CXX executable squeezenet
[ 79%] Built target squeezenet
Scanning dependencies of target mobilenetv2ssdlite
[ 79%] Building CXX object examples/CMakeFiles/mobilenetv2ssdlite.dir/mobilenetv2ssdlite.cpp.o
[ 80%] Linking CXX executable mobilenetv2ssdlite
[ 80%] Built target mobilenetv2ssdlite
Scanning dependencies of target shufflenetv2
[ 81%] Building CXX object examples/CMakeFiles/shufflenetv2.dir/shufflenetv2.cpp.o
[ 82%] Linking CXX executable shufflenetv2
[ 82%] Built target shufflenetv2
Scanning dependencies of target rfcn
[ 83%] Building CXX object examples/CMakeFiles/rfcn.dir/rfcn.cpp.o
[ 83%] Linking CXX executable rfcn
[ 83%] Built target rfcn
Scanning dependencies of target yolov3
[ 84%] Building CXX object examples/CMakeFiles/yolov3.dir/yolov3.cpp.o
[ 85%] Linking CXX executable yolov3
[ 85%] Built target yolov3
Scanning dependencies of target yolov2
[ 86%] Building CXX object examples/CMakeFiles/yolov2.dir/yolov2.cpp.o
[ 87%] Linking CXX executable yolov2
[ 87%] Built target yolov2
Scanning dependencies of target benchncnn
[ 87%] Building CXX object benchmark/CMakeFiles/benchncnn.dir/benchncnn.cpp.o
[ 88%] Linking CXX executable benchncnn
[ 88%] Built target benchncnn
Scanning dependencies of target ncnn2mem
[ 89%] Building CXX object tools/CMakeFiles/ncnn2mem.dir/ncnn2mem.cpp.o
/workspace/git/ncnn/tools/ncnn2mem.cpp: In function ‘int dump_param(const char*, const char*, const char*)’:
/workspace/git/ncnn/tools/ncnn2mem.cpp:98:11: warning: ignoring return value of ‘int fscanf(FILE*, const char*, ...)’, declared with attribute warn_unused_result [-Wunused-result]
     fscanf(fp, "%d", &magic);
     ~~~~~~^~~~~~~~~~~~~~~~~~
/workspace/git/ncnn/tools/ncnn2mem.cpp:103:11: warning: ignoring return value of ‘int fscanf(FILE*, const char*, ...)’, declared with attribute warn_unused_result [-Wunused-result]
     fscanf(fp, "%d %d", &layer_count, &blob_count);
     ~~~~~~^~~~~~~~~~~~~~~~~~~~~~~~~~~~~~~~~~~~~~~~
/workspace/git/ncnn/tools/ncnn2mem.cpp:185:23: warning: ignoring return value of ‘int fscanf(FILE*, const char*, ...)’, declared with attribute warn_unused_result [-Wunused-result]
                 fscanf(fp, "%d", &len);
                 ~~~~~~^~~~~~~~~~~~~~~~
/workspace/git/ncnn/tools/ncnn2mem.cpp:191:27: warning: ignoring return value of ‘int fscanf(FILE*, const char*, ...)’, declared with attribute warn_unused_result [-Wunused-result]
                     fscanf(fp, ",%15[^,\n ]", vstr);
                     ~~~~~~^~~~~~~~~~~~~~~~~~~~~~~~~
/workspace/git/ncnn/tools/ncnn2mem.cpp:212:23: warning: ignoring return value of ‘int fscanf(FILE*, const char*, ...)’, declared with attribute warn_unused_result [-Wunused-result]
                 fscanf(fp, "%15s", vstr);
                 ~~~~~~^~~~~~~~~~~~~~~~~~
[ 90%] Linking CXX executable ncnn2mem
[ 90%] Built target ncnn2mem
[ 91%] Running C++ protocol buffer compiler on caffe.proto
Scanning dependencies of target caffe2ncnn
[ 92%] Building CXX object tools/caffe/CMakeFiles/caffe2ncnn.dir/caffe2ncnn.cpp.o
[ 93%] Building CXX object tools/caffe/CMakeFiles/caffe2ncnn.dir/caffe.pb.cc.o
[ 94%] Linking CXX executable caffe2ncnn
[ 94%] Built target caffe2ncnn
Scanning dependencies of target mxnet2ncnn
[ 95%] Building CXX object tools/mxnet/CMakeFiles/mxnet2ncnn.dir/mxnet2ncnn.cpp.o
/workspace/git/ncnn/tools/mxnet/mxnet2ncnn.cpp: In function ‘int main(int, char**)’:
/workspace/git/ncnn/tools/mxnet/mxnet2ncnn.cpp:2105:17: warning: unused variable ‘squeeze_axis’ [-Wunused-variable]
             int squeeze_axis = n.attr("squeeze_axis");// TODO
                 ^~~~~~~~~~~~
/workspace/git/ncnn/tools/mxnet/mxnet2ncnn.cpp: In function ‘bool read_mxnet_json(const char*, std::vector<MXNetNode>&)’:
/workspace/git/ncnn/tools/mxnet/mxnet2ncnn.cpp:300:5: warning: ignoring return value of ‘char* fgets(char*, int, FILE*)’, declared with attribute warn_unused_result [-Wunused-result]
     (void)fgets(line, 1024, fp);
     ^~~~~~~~~~~~~~~~~~~~~~~~~~~
/workspace/git/ncnn/tools/mxnet/mxnet2ncnn.cpp: In function ‘bool read_mxnet_param(const char*, std::vector<MXNetParam>&)’:
/workspace/git/ncnn/tools/mxnet/mxnet2ncnn.cpp:527:10: warning: ignoring return value of ‘size_t fread(void*, size_t, size_t, FILE*)’, declared with attribute warn_unused_result [-Wunused-result]
     fread(&header, 1, sizeof(uint64_t), fp);
     ~~~~~^~~~~~~~~~~~~~~~~~~~~~~~~~~~~~~~~~
/workspace/git/ncnn/tools/mxnet/mxnet2ncnn.cpp:528:10: warning: ignoring return value of ‘size_t fread(void*, size_t, size_t, FILE*)’, declared with attribute warn_unused_result [-Wunused-result]
     fread(&reserved, 1, sizeof(uint64_t), fp);
     ~~~~~^~~~~~~~~~~~~~~~~~~~~~~~~~~~~~~~~~~~
/workspace/git/ncnn/tools/mxnet/mxnet2ncnn.cpp:534:10: warning: ignoring return value of ‘size_t fread(void*, size_t, size_t, FILE*)’, declared with attribute warn_unused_result [-Wunused-result]
     fread(&data_count, 1, sizeof(uint64_t), fp);
     ~~~~~^~~~~~~~~~~~~~~~~~~~~~~~~~~~~~~~~~~~~~
/workspace/git/ncnn/tools/mxnet/mxnet2ncnn.cpp:541:14: warning: ignoring return value of ‘size_t fread(void*, size_t, size_t, FILE*)’, declared with attribute warn_unused_result [-Wunused-result]
         fread(&magic, 1, sizeof(uint32_t), fp);
         ~~~~~^~~~~~~~~~~~~~~~~~~~~~~~~~~~~~~~~
/workspace/git/ncnn/tools/mxnet/mxnet2ncnn.cpp:550:18: warning: ignoring return value of ‘size_t fread(void*, size_t, size_t, FILE*)’, declared with attribute warn_unused_result [-Wunused-result]
             fread(&stype, 1, sizeof(int32_t), fp);
             ~~~~~^~~~~~~~~~~~~~~~~~~~~~~~~~~~~~~~
/workspace/git/ncnn/tools/mxnet/mxnet2ncnn.cpp:552:18: warning: ignoring return value of ‘size_t fread(void*, size_t, size_t, FILE*)’, declared with attribute warn_unused_result [-Wunused-result]
             fread(&ndim, 1, sizeof(uint32_t), fp);
             ~~~~~^~~~~~~~~~~~~~~~~~~~~~~~~~~~~~~~
/workspace/git/ncnn/tools/mxnet/mxnet2ncnn.cpp:555:18: warning: ignoring return value of ‘size_t fread(void*, size_t, size_t, FILE*)’, declared with attribute warn_unused_result [-Wunused-result]
             fread(&shape[0], 1, ndim * sizeof(int64_t), fp);
             ~~~~~^~~~~~~~~~~~~~~~~~~~~~~~~~~~~~~~~~~~~~~~~~
/workspace/git/ncnn/tools/mxnet/mxnet2ncnn.cpp:559:18: warning: ignoring return value of ‘size_t fread(void*, size_t, size_t, FILE*)’, declared with attribute warn_unused_result [-Wunused-result]
             fread(&ndim, 1, sizeof(uint32_t), fp);
             ~~~~~^~~~~~~~~~~~~~~~~~~~~~~~~~~~~~~~
/workspace/git/ncnn/tools/mxnet/mxnet2ncnn.cpp:562:18: warning: ignoring return value of ‘size_t fread(void*, size_t, size_t, FILE*)’, declared with attribute warn_unused_result [-Wunused-result]
             fread(&shape[0], 1, ndim * sizeof(int64_t), fp);
             ~~~~~^~~~~~~~~~~~~~~~~~~~~~~~~~~~~~~~~~~~~~~~~~
/workspace/git/ncnn/tools/mxnet/mxnet2ncnn.cpp:572:18: warning: ignoring return value of ‘size_t fread(void*, size_t, size_t, FILE*)’, declared with attribute warn_unused_result [-Wunused-result]
             fread(&shape32[0], 1, ndim * sizeof(uint32_t), fp);
             ~~~~~^~~~~~~~~~~~~~~~~~~~~~~~~~~~~~~~~~~~~~~~~~~~~
/workspace/git/ncnn/tools/mxnet/mxnet2ncnn.cpp:583:14: warning: ignoring return value of ‘size_t fread(void*, size_t, size_t, FILE*)’, declared with attribute warn_unused_result [-Wunused-result]
         fread(&dev_type, 1, sizeof(int32_t), fp);
         ~~~~~^~~~~~~~~~~~~~~~~~~~~~~~~~~~~~~~~~~
/workspace/git/ncnn/tools/mxnet/mxnet2ncnn.cpp:584:14: warning: ignoring return value of ‘size_t fread(void*, size_t, size_t, FILE*)’, declared with attribute warn_unused_result [-Wunused-result]
         fread(&dev_id, 1, sizeof(int32_t), fp);
         ~~~~~^~~~~~~~~~~~~~~~~~~~~~~~~~~~~~~~~
/workspace/git/ncnn/tools/mxnet/mxnet2ncnn.cpp:587:14: warning: ignoring return value of ‘size_t fread(void*, size_t, size_t, FILE*)’, declared with attribute warn_unused_result [-Wunused-result]
         fread(&type_flag, 1, sizeof(int32_t), fp);
         ~~~~~^~~~~~~~~~~~~~~~~~~~~~~~~~~~~~~~~~~~
/workspace/git/ncnn/tools/mxnet/mxnet2ncnn.cpp:599:14: warning: ignoring return value of ‘size_t fread(void*, size_t, size_t, FILE*)’, declared with attribute warn_unused_result [-Wunused-result]
         fread(&p.data[0], 1, len * sizeof(float), fp);
         ~~~~~^~~~~~~~~~~~~~~~~~~~~~~~~~~~~~~~~~~~~~~~
/workspace/git/ncnn/tools/mxnet/mxnet2ncnn.cpp:608:10: warning: ignoring return value of ‘size_t fread(void*, size_t, size_t, FILE*)’, declared with attribute warn_unused_result [-Wunused-result]
     fread(&name_count, 1, sizeof(uint64_t), fp);
     ~~~~~^~~~~~~~~~~~~~~~~~~~~~~~~~~~~~~~~~~~~~
/workspace/git/ncnn/tools/mxnet/mxnet2ncnn.cpp:615:14: warning: ignoring return value of ‘size_t fread(void*, size_t, size_t, FILE*)’, declared with attribute warn_unused_result [-Wunused-result]
         fread(&len, 1, sizeof(uint64_t), fp);
         ~~~~~^~~~~~~~~~~~~~~~~~~~~~~~~~~~~~~
/workspace/git/ncnn/tools/mxnet/mxnet2ncnn.cpp:620:14: warning: ignoring return value of ‘size_t fread(void*, size_t, size_t, FILE*)’, declared with attribute warn_unused_result [-Wunused-result]
         fread((char*)p.name.data(), 1, len, fp);
         ~~~~~^~~~~~~~~~~~~~~~~~~~~~~~~~~~~~~~~~
[ 96%] Linking CXX executable mxnet2ncnn
[ 96%] Built target mxnet2ncnn
[ 97%] Running C++ protocol buffer compiler on onnx.proto
Scanning dependencies of target onnx2ncnn
[ 98%] Building CXX object tools/onnx/CMakeFiles/onnx2ncnn.dir/onnx2ncnn.cpp.o
[ 99%] Building CXX object tools/onnx/CMakeFiles/onnx2ncnn.dir/onnx.pb.cc.o
[100%] Linking CXX executable onnx2ncnn
[100%] Built target onnx2ncnn
[  0%] Built target generate-spirv
[ 69%] Built target ncnn
[ 71%] Built target peleenetssd_seg
[ 73%] Built target squeezenetssd
[ 75%] Built target mobilenetssd
[ 77%] Built target fasterrcnn
[ 79%] Built target squeezenet
[ 80%] Built target mobilenetv2ssdlite
[ 82%] Built target shufflenetv2
[ 83%] Built target rfcn
[ 85%] Built target yolov3
[ 87%] Built target yolov2
[ 88%] Built target benchncnn
[ 90%] Built target ncnn2mem
[ 94%] Built target caffe2ncnn
[ 96%] Built target mxnet2ncnn
[100%] Built target onnx2ncnn
Install the project...
-- Install configuration: "release"
-- Installing: /workspace/git/ncnn/build-host-gcc-linux/install/lib/libncnn.a
-- Installing: /workspace/git/ncnn/build-host-gcc-linux/install/include/allocator.h
-- Installing: /workspace/git/ncnn/build-host-gcc-linux/install/include/blob.h
-- Installing: /workspace/git/ncnn/build-host-gcc-linux/install/include/command.h
-- Installing: /workspace/git/ncnn/build-host-gcc-linux/install/include/cpu.h
-- Installing: /workspace/git/ncnn/build-host-gcc-linux/install/include/gpu.h
-- Installing: /workspace/git/ncnn/build-host-gcc-linux/install/include/layer.h
-- Installing: /workspace/git/ncnn/build-host-gcc-linux/install/include/layer_type.h
-- Installing: /workspace/git/ncnn/build-host-gcc-linux/install/include/mat.h
-- Installing: /workspace/git/ncnn/build-host-gcc-linux/install/include/modelbin.h
-- Installing: /workspace/git/ncnn/build-host-gcc-linux/install/include/net.h
-- Installing: /workspace/git/ncnn/build-host-gcc-linux/install/include/opencv.h
-- Installing: /workspace/git/ncnn/build-host-gcc-linux/install/include/paramdict.h
-- Installing: /workspace/git/ncnn/build-host-gcc-linux/install/include/pipeline.h
-- Installing: /workspace/git/ncnn/build-host-gcc-linux/install/include/benchmark.h
-- Installing: /workspace/git/ncnn/build-host-gcc-linux/install/include/layer_type_enum.h
-- Installing: /workspace/git/ncnn/build-host-gcc-linux/install/include/platform.h
/workspace/git/ncnn
