==> layer info:
width and height: 28, 28
cin and cout: 64, 64
pad, stride, dilation: 1, 1, 1
kernel: 3
Enter test_cpu
time cost for execution cpu kernel 4136 us
Leaving test_cpu
Enter test_gpu
time cost for execution gpu kernel 2950 us
Leaving test_gpu
Enter test_gpu
time cost for execution gpu kernel 4193 us
Leaving test_gpu
==> layer info:
width and height: 56, 56
cin and cout: 64, 64
pad, stride, dilation: 1, 1, 1
kernel: 3
Enter test_cpu
time cost for execution cpu kernel 8533 us
Leaving test_cpu
Enter test_gpu
time cost for execution gpu kernel 10770 us
Leaving test_gpu
Enter test_gpu
time cost for execution gpu kernel 4711 us
Leaving test_gpu
==> layer info:
width and height: 112, 112
cin and cout: 64, 64
pad, stride, dilation: 1, 1, 1
kernel: 3
Enter test_cpu
time cost for execution cpu kernel 16870 us
Leaving test_cpu
Enter test_gpu
time cost for execution gpu kernel 42441 us
Leaving test_gpu
Enter test_gpu
time cost for execution gpu kernel 9858 us
Leaving test_gpu
==> layer info:
width and height: 224, 224
cin and cout: 64, 64
pad, stride, dilation: 1, 1, 1
kernel: 3
Enter test_cpu
time cost for execution cpu kernel 97716 us
Leaving test_cpu
Enter test_gpu
time cost for execution gpu kernel 173850 us
Leaving test_gpu
Enter test_gpu
time cost for execution gpu kernel 30868 us
Leaving test_gpu
==> layer info:
width and height: 448, 448
cin and cout: 64, 64
pad, stride, dilation: 1, 1, 1
kernel: 3
Enter test_cpu
time cost for execution cpu kernel 547448 us
Leaving test_cpu
Enter test_gpu
time cost for execution gpu kernel 521215 us
Leaving test_gpu
Enter test_gpu
time cost for execution gpu kernel 90653 us
Leaving test_gpu
==> layer info:
width and height: 56, 56
cin and cout: 16, 16
pad, stride, dilation: 1, 1, 1
kernel: 3
Enter test_cpu
time cost for execution cpu kernel 3594 us
Leaving test_cpu
Enter test_gpu
time cost for execution gpu kernel 1703 us
Leaving test_gpu
Enter test_gpu
time cost for execution gpu kernel 1802 us
Leaving test_gpu
==> layer info:
width and height: 56, 56
cin and cout: 32, 32
pad, stride, dilation: 1, 1, 1
kernel: 3
Enter test_cpu
time cost for execution cpu kernel 2903 us
Leaving test_cpu
Enter test_gpu
time cost for execution gpu kernel 3732 us
Leaving test_gpu
Enter test_gpu
time cost for execution gpu kernel 5346 us
Leaving test_gpu
==> layer info:
width and height: 56, 56
cin and cout: 64, 64
pad, stride, dilation: 1, 1, 1
kernel: 3
Enter test_cpu
time cost for execution cpu kernel 5081 us
Leaving test_cpu
Enter test_gpu
time cost for execution gpu kernel 33163 us
Leaving test_gpu
Enter test_gpu
time cost for execution gpu kernel 5059 us
Leaving test_gpu
==> layer info:
width and height: 56, 56
cin and cout: 128, 128
pad, stride, dilation: 1, 1, 1
kernel: 3
Enter test_cpu
time cost for execution cpu kernel 16556 us
Leaving test_cpu
Enter test_gpu
time cost for execution gpu kernel 43128 us
Leaving test_gpu
*** result not match @ 348916: -0.684245 vs -0.684373
Enter test_gpu
time cost for execution gpu kernel 28049 us
Leaving test_gpu
==> layer info:
width and height: 56, 56
cin and cout: 256, 256
pad, stride, dilation: 1, 1, 1
kernel: 3
Enter test_cpu
time cost for execution cpu kernel 144538 us
Leaving test_cpu
Enter test_gpu
time cost for execution gpu kernel 126240 us
Leaving test_gpu
*** result not match @ 1712: 2.089838 vs 2.089733
Enter test_gpu
time cost for execution gpu kernel 75252 us
Leaving test_gpu
*** result not match @ 23636: 7.656167 vs 7.656273
==> layer info:
width and height: 56, 56
cin and cout: 512, 512
pad, stride, dilation: 1, 1, 1
kernel: 3
Enter test_cpu
time cost for execution cpu kernel 657996 us
Leaving test_cpu
Enter test_gpu
time cost for execution gpu kernel 667251 us
Leaving test_gpu
*** result not match @ 148: -8.305637 vs -8.305521
Enter test_gpu
time cost for execution gpu kernel 278515 us
Leaving test_gpu
*** result not match @ 132: -8.248844 vs -8.248708
